{"/Users/astha.shaw/Library/CloudStorage/OneDrive-LaFosseAssociates/Documents/LaFosseAcademy/GettingStarted/Guthrie/classDemos/javascript_1/functions.js": {"path":"/Users/astha.shaw/Library/CloudStorage/OneDrive-LaFosseAssociates/Documents/LaFosseAcademy/GettingStarted/Guthrie/classDemos/javascript_1/functions.js","statementMap":{"0":{"start":{"line":1,"column":18},"end":{"line":1,"column":23}},"1":{"start":{"line":1,"column":22},"end":{"line":1,"column":23}},"2":{"start":{"line":4,"column":0},"end":{"line":4,"column":30}}},"fnMap":{"0":{"name":"(anonymous_0)","decl":{"start":{"line":1,"column":18},"end":{"line":1,"column":19}},"loc":{"start":{"line":1,"column":22},"end":{"line":1,"column":23}},"line":1}},"branchMap":{},"s":{"0":1,"1":4,"2":1},"f":{"0":4},"b":{},"_coverageSchema":"1a1c01bbd47fc00a2c39e90264f33305004495a9","hash":"8e24e9768cda343e901f6ce27b3aa4871f9381f2"}
}
